<?xml version="1.0" encoding="UTF-8"?>
<!-- Generated by org.testng.reporters.JUnitReportReporter -->
<testsuite skipped="0" hostname="Ashwini-BodavulaB598-MacBook-Air.local" name="sanity.SelectHotDeskTest" tests="1" failures="0" timestamp="2022-09-19T21:28:03 IST" time="63.635" errors="0">
  <testcase name="test01_SelectHotdeskInPune" time="63.635" classname="sanity.SelectHotDeskTest"/>
  <system-out/>
</testsuite> <!-- sanity.SelectHotDeskTest -->
