<?xml version="1.0" encoding="UTF-8"?>
<!-- Generated by org.testng.reporters.JUnitReportReporter -->
<testsuite hostname="Varsha-R-Yattinahalli-B632s-MacBook-Pro.local" failures="0" tests="1" name="sanity.SelectEventsAndWorkspacesTest" time="49.136" errors="0" timestamp="2022-09-21T23:28:14 IST" skipped="0">
  <testcase classname="sanity.SelectEventsAndWorkspacesTest" name="test01_SelectEventsAndWorkspaces" time="49.136"/>
  <system-out/>
</testsuite> <!-- sanity.SelectEventsAndWorkspacesTest -->
