<?xml version="1.0" encoding="UTF-8"?>
<!-- Generated by org.testng.reporters.JUnitReportReporter -->
<testsuite hostname="Varsha-R-Yattinahalli-B632s-MacBook-Pro.local" failures="0" tests="1" name="sanity.WebAppTest" time="38.520" errors="0" timestamp="2022-09-05T12:39:34 IST" skipped="0">
  <testcase classname="sanity.WebAppTest" name="test08_VerifyContactUsFeature" time="38.520"/>
  <system-out/>
</testsuite> <!-- sanity.WebAppTest -->
