<?xml version="1.0" encoding="UTF-8"?>
<!-- Generated by org.testng.reporters.JUnitReportReporter -->
<testsuite skipped="0" hostname="Ashwini-BodavulaB598-MacBook-Air.local" name="sanity.SelectEventsAndWorkspacesTest" tests="1" failures="0" timestamp="2022-08-05T23:05:37 IST" time="81.979" errors="0">
  <testcase name="test01_SelectEventsAndWorkspaces" time="81.979" classname="sanity.SelectEventsAndWorkspacesTest"/>
  <system-out/>
</testsuite> <!-- sanity.SelectEventsAndWorkspacesTest -->
