<?xml version="1.0" encoding="UTF-8"?>
<!-- Generated by org.testng.reporters.JUnitReportReporter -->
<testsuite skipped="0" hostname="Ashwini-BodavulaB598-MacBook-Air.local" name="sanity.ODEbuldaypassTest" tests="1" failures="0" timestamp="2022-08-24T14:04:12 IST" time="72.720" errors="0">
  <testcase name="Test07_ODE_daypass_multipltdates" time="72.720" classname="sanity.ODEbuldaypassTest"/>
  <system-out/>
</testsuite> <!-- sanity.ODEbuldaypassTest -->
