<?xml version="1.0" encoding="UTF-8"?>
<!-- Generated by org.testng.reporters.JUnitReportReporter -->
<testsuite skipped="0" hostname="Ashwini-BodavulaB598-MacBook-Air.local" name="sanity.SelectSubscriptionsTest" tests="4" failures="0" timestamp="2022-08-05T20:41:27 IST" time="317.436" errors="0">
  <testcase name="test01_SelectSubscriptionsForDelhi" time="81.131" classname="sanity.SelectSubscriptionsTest"/>
  <system-out/>
  <testcase name="test01_SelectSubscriptionsForDelhi" time="76.435" classname="sanity.SelectSubscriptionsTest"/>
  <system-out/>
  <testcase name="test01_SelectSubscriptionsForDelhi" time="78.211" classname="sanity.SelectSubscriptionsTest"/>
  <system-out/>
  <testcase name="test01_SelectSubscriptionsForDelhi" time="81.659" classname="sanity.SelectSubscriptionsTest"/>
  <system-out/>
</testsuite> <!-- sanity.SelectSubscriptionsTest -->
