<?xml version="1.0" encoding="UTF-8"?>
<!-- Generated by org.testng.reporters.JUnitReportReporter -->
<testsuite hostname="Varsha-R-Yattinahalli-B632s-MacBook-Pro.local" failures="0" tests="1" name="sanity.SelectHotDeskTest" time="41.473" errors="0" timestamp="2022-09-20T21:31:15 IST" skipped="0">
  <testcase classname="sanity.SelectHotDeskTest" name="test01_SelectHotdeskInPune" time="41.473"/>
  <system-out/>
</testsuite> <!-- sanity.SelectHotDeskTest -->
