<?xml version="1.0" encoding="UTF-8"?>
<!-- Generated by org.testng.reporters.JUnitReportReporter -->
<testsuite hostname="Varsha-R-Yattinahalli-B632s-MacBook-Pro.local" failures="0" tests="1" name="sanity.WeWorkWebAppTest" time="33.079" errors="0" timestamp="2022-09-04T19:54:32 IST" skipped="0">
  <testcase classname="sanity.WeWorkWebAppTest" name="test03_SelectWBS" time="33.079"/>
  <system-out/>
</testsuite> <!-- sanity.WeWorkWebAppTest -->
