<?xml version="1.0" encoding="UTF-8"?>
<!-- Generated by org.testng.reporters.JUnitReportReporter -->
<testsuite skipped="0" hostname="Ashwini-BodavulaB598-MacBook-Air.local" name="sanity.WebAppTest" tests="1" failures="0" timestamp="2022-08-06T21:22:46 IST" time="72.159" errors="0">
  <testcase name="test03_verifyEmailAndPassword" time="72.159" classname="sanity.WebAppTest"/>
  <system-out/>
</testsuite> <!-- sanity.WebAppTest -->
