<?xml version="1.0" encoding="UTF-8"?>
<!-- Generated by org.testng.reporters.JUnitReportReporter -->
<testsuite hostname="Varsha-R-Yattinahalli-B632s-MacBook-Pro.local" failures="0" tests="1" name="sanity.SelectDayPassTest" time="45.268" errors="0" timestamp="2022-09-22T00:58:16 IST" skipped="0">
  <testcase classname="sanity.SelectDayPassTest" name="test06_SelectDayPassForTeamMember" time="45.268"/>
  <system-out/>
</testsuite> <!-- sanity.SelectDayPassTest -->
