<?xml version="1.0" encoding="UTF-8"?>
<!-- Generated by org.testng.reporters.JUnitReportReporter -->
<testsuite hostname="Varsha-R-Yattinahalli-B632s-MacBook-Pro.local" failures="0" tests="1" name="sanity.SelectPrivateOfficeTest" time="59.909" errors="0" timestamp="2022-09-05T10:36:21 IST" skipped="0">
  <testcase classname="sanity.SelectPrivateOfficeTest" name="test01_SelectPrivateOfficeInPune" time="59.909"/>
  <system-out/>
</testsuite> <!-- sanity.SelectPrivateOfficeTest -->
