<?xml version="1.0" encoding="UTF-8"?>
<!-- Generated by org.testng.reporters.JUnitReportReporter -->
<testsuite skipped="0" hostname="Ashwini-BodavulaB598-MacBook-Air.local" name="sanity.SelectAllAccessWrkspaceTest" tests="1" failures="0" timestamp="2022-09-20T11:57:11 IST" time="65.630" errors="0">
  <testcase name="test01_SelectAllAccessInPune" time="65.630" classname="sanity.SelectAllAccessWrkspaceTest"/>
  <system-out/>
</testsuite> <!-- sanity.SelectAllAccessWrkspaceTest -->
