<?xml version="1.0" encoding="UTF-8"?>
<!-- Generated by org.testng.reporters.JUnitReportReporter -->
<testsuite hostname="Varsha-R-Yattinahalli-B632s-MacBook-Pro.local" failures="0" tests="1" name="sanity.WeWorkWebAppTest" time="44.891" errors="0" timestamp="2022-08-24T19:25:13 IST" skipped="0">
  <testcase classname="sanity.WeWorkWebAppTest" name="test06_SelectCareersFromContactUsBtn" time="44.891"/>
  <system-out/>
</testsuite> <!-- sanity.WeWorkWebAppTest -->
