<?xml version="1.0" encoding="UTF-8"?>
<!-- Generated by org.testng.reporters.JUnitReportReporter -->
<testsuite skipped="0" hostname="Ashwini-BodavulaB598-MacBook-Air.local" name="sanity.SelectSubscriptionsTest" tests="1" failures="0" timestamp="2022-09-20T11:14:47 IST" time="71.980" errors="0">
  <testcase name="test01_SelectSubscriptions" time="71.980" classname="sanity.SelectSubscriptionsTest"/>
  <system-out/>
</testsuite> <!-- sanity.SelectSubscriptionsTest -->
