<?xml version="1.0" encoding="UTF-8"?>
<!-- Generated by org.testng.reporters.JUnitReportReporter -->
<testsuite hostname="Varsha-R-Yattinahalli-B632s-MacBook-Pro.local" failures="0" tests="1" name="sanity.SelectDayPassTest" time="49.387" errors="0" timestamp="2022-09-18T21:27:14 IST" skipped="0">
  <testcase classname="sanity.SelectDayPassTest" name="test01_SelectDayPassInPune" time="49.387"/>
  <system-out/>
</testsuite> <!-- sanity.SelectDayPassTest -->
