<?xml version="1.0" encoding="UTF-8"?>
<!-- Generated by org.testng.reporters.JUnitReportReporter -->
<testsuite skipped="0" hostname="Ashwini-BodavulaB598-MacBook-Air.local" name="sanity.ODAdminDashboardTest" tests="1" failures="0" timestamp="2022-09-26T16:49:29 IST" time="64.132" errors="0">
  <testcase name="test07_shopSelectionParking" time="64.132" classname="sanity.ODAdminDashboardTest"/>
  <system-out/>
</testsuite> <!-- sanity.ODAdminDashboardTest -->
