<?xml version="1.0" encoding="UTF-8"?>
<!-- Generated by org.testng.reporters.JUnitReportReporter -->
<testsuite skipped="0" hostname="Ashwini-BodavulaB598-MacBook-Air.local" name="sanity.SelectVirtualOfficeTest" tests="1" failures="0" timestamp="2022-08-05T23:21:43 IST" time="115.774" errors="0">
  <testcase name="test01_VerifySelectVirtualOfficeInPune" time="115.774" classname="sanity.SelectVirtualOfficeTest"/>
  <system-out/>
</testsuite> <!-- sanity.SelectVirtualOfficeTest -->
