<?xml version="1.0" encoding="UTF-8"?>
<!-- Generated by org.testng.reporters.JUnitReportReporter -->
<testsuite hostname="Varsha-R-Yattinahalli-B632s-MacBook-Pro.local" failures="0" tests="1" name="sanity.SelectPrivateOfficeTest" time="40.835" errors="0" timestamp="2022-09-05T12:55:06 IST" skipped="0">
  <testcase classname="sanity.SelectPrivateOfficeTest" name="test01_SelectPrivateOfficeInPune" time="40.835"/>
  <system-out/>
</testsuite> <!-- sanity.SelectPrivateOfficeTest -->
