<?xml version="1.0" encoding="UTF-8"?>
<!-- Generated by org.testng.reporters.JUnitReportReporter -->
<testsuite hostname="Varsha-R-Yattinahalli-B632s-MacBook-Pro.local" failures="0" tests="1" name="sanity.CompareworkspaceTest" time="37.206" errors="0" timestamp="2022-09-08T15:54:11 IST" skipped="0">
  <testcase classname="sanity.CompareworkspaceTest" name="test01_Selectworkspace" time="37.206"/>
  <system-out/>
</testsuite> <!-- sanity.CompareworkspaceTest -->
