<?xml version="1.0" encoding="UTF-8"?>
<!-- Generated by org.testng.reporters.JUnitReportReporter -->
<testsuite hostname="Varsha-R-Yattinahalli-B632s-MacBook-Pro.local" failures="0" tests="1" name="sanity.SelectEnterpriseSolutionsTest" time="45.303" errors="0" timestamp="2022-09-05T11:02:48 IST" skipped="0">
  <testcase classname="sanity.SelectEnterpriseSolutionsTest" name="test01_SelectEnterpriseDayPassInPune" time="45.303"/>
  <system-out/>
</testsuite> <!-- sanity.SelectEnterpriseSolutionsTest -->
