<?xml version="1.0" encoding="UTF-8"?>
<!-- Generated by org.testng.reporters.JUnitReportReporter -->
<testsuite skipped="0" hostname="Sukanya-J-B224s-MacBook-Pro.local" name="sanity.CompareworkspaceTest" tests="1" failures="0" timestamp="2022-09-12T23:07:30 IST" time="103.374" errors="0">
  <testcase name="test01_Selectworkspace" time="103.374" classname="sanity.CompareworkspaceTest"/>
  <system-out/>
</testsuite> <!-- sanity.CompareworkspaceTest -->
