<?xml version="1.0" encoding="UTF-8"?>
<!-- Generated by org.testng.reporters.JUnitReportReporter -->
<testsuite skipped="0" hostname="Ashwini-BodavulaB598-MacBook-Air.local" name="sanity.SelectHotDeskTest" tests="1" failures="0" timestamp="2022-08-05T23:08:42 IST" time="78.338" errors="0">
  <testcase name="test01_SelectHotdeskInPune" time="78.338" classname="sanity.SelectHotDeskTest"/>
  <system-out/>
</testsuite> <!-- sanity.SelectHotDeskTest -->
