<?xml version="1.0" encoding="UTF-8"?>
<!-- Generated by org.testng.reporters.JUnitReportReporter -->
<testsuite skipped="0" hostname="Ashwini-BodavulaB598-MacBook-Air.local" name="sanity.SelectPrivateOfficeTest" tests="1" failures="0" timestamp="2022-08-05T23:12:47 IST" time="76.235" errors="0">
  <testcase name="test01_SelectPrivateOfficeInPune" time="76.235" classname="sanity.SelectPrivateOfficeTest"/>
  <system-out/>
</testsuite> <!-- sanity.SelectPrivateOfficeTest -->
