<?xml version="1.0" encoding="UTF-8"?>
<!-- Generated by org.testng.reporters.JUnitReportReporter -->
<testsuite skipped="0" hostname="Ashwini-BodavulaB598-MacBook-Air.local" name="sanity.ODEdaypassTest" tests="1" failures="0" timestamp="2022-10-04T15:02:48 IST" time="77.549" errors="0">
  <testcase name="Test01_OD_daypasspune" time="77.549" classname="sanity.ODEdaypassTest"/>
  <system-out/>
</testsuite> <!-- sanity.ODEdaypassTest -->
