<?xml version="1.0" encoding="UTF-8"?>
<!-- Generated by org.testng.reporters.JUnitReportReporter -->
<testsuite hostname="Varsha-R-Yattinahalli-B632s-MacBook-Pro.local" failures="0" tests="1" name="sanity.SelectAllAccessWrkspaceTest" time="40.895" errors="0" timestamp="2022-09-20T21:33:22 IST" skipped="0">
  <testcase classname="sanity.SelectAllAccessWrkspaceTest" name="test01_SelectAllAccessInPune" time="40.895"/>
  <system-out/>
</testsuite> <!-- sanity.SelectAllAccessWrkspaceTest -->
