<?xml version="1.0" encoding="UTF-8"?>
<!-- Generated by org.testng.reporters.JUnitReportReporter -->
<testsuite skipped="0" hostname="Ashwini-BodavulaB598-MacBook-Air.local" name="sanity.SelectPrivateOfficeTest" tests="1" failures="0" timestamp="2022-09-19T21:55:11 IST" time="63.028" errors="0">
  <testcase name="test01_SelectPrivateOfficeInPune" time="63.028" classname="sanity.SelectPrivateOfficeTest"/>
  <system-out/>
</testsuite> <!-- sanity.SelectPrivateOfficeTest -->
