<?xml version="1.0" encoding="UTF-8"?>
<!-- Generated by org.testng.reporters.JUnitReportReporter -->
<testsuite hostname="Varsha-R-Yattinahalli-B632s-MacBook-Pro.local" failures="0" tests="1" name="sanity.SelectEventsAndWorkspacesTest" time="42.357" errors="0" timestamp="2022-09-19T17:12:49 IST" skipped="0">
  <testcase classname="sanity.SelectEventsAndWorkspacesTest" name="test01_SelectEventsAndWorkspaces" time="42.357"/>
  <system-out/>
</testsuite> <!-- sanity.SelectEventsAndWorkspacesTest -->
