<?xml version="1.0" encoding="UTF-8"?>
<!-- Generated by org.testng.reporters.JUnitReportReporter -->
<testsuite hostname="Varsha-R-Yattinahalli-B632s-MacBook-Pro.local" failures="0" tests="1" name="sanity.SelectEnterpriseSolutionsTest" time="39.665" errors="0" timestamp="2022-09-04T18:09:22 IST" skipped="0">
  <testcase classname="sanity.SelectEnterpriseSolutionsTest" name="test03_SelectEnterpriseAllAccessForTeamInPune" time="39.665"/>
  <system-out/>
</testsuite> <!-- sanity.SelectEnterpriseSolutionsTest -->
