<?xml version="1.0" encoding="UTF-8"?>
<!-- Generated by org.testng.reporters.JUnitReportReporter -->
<testsuite hostname="Varsha-R-Yattinahalli-B632s-MacBook-Pro.local" failures="0" tests="1" name="sanity.ODAdminDashboardTest" time="42.901" errors="0" timestamp="2022-09-14T21:34:38 IST" skipped="0">
  <testcase classname="sanity.ODAdminDashboardTest" name="test05_shopSelectionPostpaid" time="42.901"/>
  <system-out/>
</testsuite> <!-- sanity.ODAdminDashboardTest -->
