<?xml version="1.0" encoding="UTF-8"?>
<!-- Generated by org.testng.reporters.JUnitReportReporter -->
<testsuite hostname="Varsha-R-Yattinahalli-B632s-MacBook-Pro.local" failures="0" tests="1" name="sanity.ODAdminDashboardTest" time="28.377" errors="0" timestamp="2022-09-01T21:12:28 IST" skipped="0">
  <testcase classname="sanity.ODAdminDashboardTest" name="test04_shopSelection" time="28.377"/>
  <system-out/>
</testsuite> <!-- sanity.ODAdminDashboardTest -->
