<?xml version="1.0" encoding="UTF-8"?>
<!-- Generated by org.testng.reporters.JUnitReportReporter -->
<testsuite hostname="Varsha-R-Yattinahalli-B632s-MacBook-Pro.local" failures="0" tests="1" name="sanity.WebAppTest" time="32.785" errors="0" timestamp="2022-08-25T11:27:29 IST" skipped="0">
  <testcase classname="sanity.WebAppTest" name="test08_VerifyContactUsFeature" time="32.785"/>
  <system-out/>
</testsuite> <!-- sanity.WebAppTest -->
