<?xml version="1.0" encoding="UTF-8"?>
<!-- Generated by org.testng.reporters.JUnitReportReporter -->
<testsuite skipped="0" hostname="Ashwini-BodavulaB598-MacBook-Air.local" name="sanity.WeWorkWebAppTest" tests="3" failures="0" timestamp="2022-08-06T20:15:11 IST" time="285.650" errors="0">
  <testcase name="test01_selectMultipleOptionsInSubscriptions" time="79.878" classname="sanity.WeWorkWebAppTest"/>
  <system-out/>
  <testcase name="test02_SelectMultipleOptionsInOD" time="97.331" classname="sanity.WeWorkWebAppTest"/>
  <system-out/>
  <testcase name="test02_SelectMultipleOptionsInOD" time="108.441" classname="sanity.WeWorkWebAppTest"/>
  <system-out/>
</testsuite> <!-- sanity.WeWorkWebAppTest -->
