<?xml version="1.0" encoding="UTF-8"?>
<!-- Generated by org.testng.reporters.JUnitReportReporter -->
<testsuite hostname="Varsha-R-Yattinahalli-B632s-MacBook-Pro.local" failures="0" tests="1" name="sanity.ODAdminDashboardTest" time="48.077" errors="0" timestamp="2022-09-06T22:34:57 IST" skipped="0">
  <testcase classname="sanity.ODAdminDashboardTest" name="test06_shopSelectionODEPurchase" time="48.077"/>
  <system-out/>
</testsuite> <!-- sanity.ODAdminDashboardTest -->
