<?xml version="1.0" encoding="UTF-8"?>
<!-- Generated by org.testng.reporters.JUnitReportReporter -->
<testsuite skipped="0" hostname="Sukanya-J-B224s-MacBook-Pro.local" name="sanity.CompareworkspaceTest" tests="5" failures="0" timestamp="2022-09-08T04:07:56 IST" time="89.630" errors="0">
  <testcase name="test01_Selectworkspace" time="15.943" classname="sanity.CompareworkspaceTest"/>
  <system-out/>
  <testcase name="test01_Selectworkspace" time="13.193" classname="sanity.CompareworkspaceTest"/>
  <system-out/>
  <testcase name="test01_Selectworkspace" time="19.533" classname="sanity.CompareworkspaceTest"/>
  <system-out/>
  <testcase name="test01_Selectworkspace" time="16.793" classname="sanity.CompareworkspaceTest"/>
  <system-out/>
  <testcase name="test01_Selectworkspace" time="24.168" classname="sanity.CompareworkspaceTest"/>
  <system-out/>
</testsuite> <!-- sanity.CompareworkspaceTest -->
