<?xml version="1.0" encoding="UTF-8"?>
<!-- Generated by org.testng.reporters.JUnitReportReporter -->
<testsuite skipped="0" hostname="Ashwini-BodavulaB598-MacBook-Air.local" name="sanity.SelectEnterpriseSolutionsTest" tests="1" failures="0" timestamp="2022-08-05T23:01:51 IST" time="72.953" errors="0">
  <testcase name="test01_SelectEnterpriseDayPassInPune" time="72.953" classname="sanity.SelectEnterpriseSolutionsTest"/>
  <system-out/>
</testsuite> <!-- sanity.SelectEnterpriseSolutionsTest -->
