<?xml version="1.0" encoding="UTF-8"?>
<!-- Generated by org.testng.reporters.JUnitReportReporter -->
<testsuite hostname="Varsha-R-Yattinahalli-B632s-MacBook-Pro.local" failures="0" tests="1" name="sanity.ODAdminDashboardTest" time="23.463" errors="0" timestamp="2022-08-25T20:48:38 IST" skipped="0">
  <testcase classname="sanity.ODAdminDashboardTest" name="test01_EditAdminUser" time="23.463"/>
  <system-out/>
</testsuite> <!-- sanity.ODAdminDashboardTest -->
