<?xml version="1.0" encoding="UTF-8"?>
<!-- Generated by org.testng.reporters.JUnitReportReporter -->
<testsuite hostname="Varsha-R-Yattinahalli-B632s-MacBook-Pro.local" failures="0" tests="1" name="sanity.SelectAllAccessWrkspaceTest" time="37.809" errors="0" timestamp="2022-09-04T20:13:49 IST" skipped="0">
  <testcase classname="sanity.SelectAllAccessWrkspaceTest" name="test01_SelectAllAccessInPune" time="37.809"/>
  <system-out/>
</testsuite> <!-- sanity.SelectAllAccessWrkspaceTest -->
